[3.470s] DEBUG:colcon:Command line arguments: ['/usr/bin/colcon', 'build', '--packages-select', 'drone_delivery', 'drone_plugin']
[3.470s] DEBUG:colcon:Parsed command line arguments: Namespace(allow_overriding=[], ament_cmake_args=None, base_paths=['.'], build_base='build', catkin_cmake_args=None, catkin_skip_building_tests=False, cmake_args=None, cmake_clean_cache=False, cmake_clean_first=False, cmake_force_configure=False, cmake_target=None, cmake_target_skip_unavailable=False, continue_on_error=False, event_handlers=None, executor='parallel', ignore_user_meta=False, install_base='install', log_base=None, log_level=None, main=<bound method BuildVerb.main of <colcon_core.verb.build.BuildVerb object at 0x7f2dc7baf310>>, merge_install=False, metas=['./colcon.meta'], mixin=None, mixin_files=None, mixin_verb=('build',), packages_above=None, packages_above_and_dependencies=None, packages_above_depth=None, packages_end=None, packages_ignore=None, packages_ignore_regex=None, packages_select=['drone_delivery', 'drone_plugin'], packages_select_build_failed=False, packages_select_by_dep=None, packages_select_regex=None, packages_select_test_failures=False, packages_skip=None, packages_skip_build_finished=False, packages_skip_by_dep=None, packages_skip_regex=None, packages_skip_test_passed=False, packages_skip_up_to=None, packages_start=None, packages_up_to=None, packages_up_to_regex=None, parallel_workers=16, paths=None, symlink_install=False, test_result_base=None, verb_extension=<colcon_core.verb.build.BuildVerb object at 0x7f2dc7baf310>, verb_name='build', verb_parser=<colcon_mixin.mixin.mixin_argument.MixinArgumentDecorator object at 0x7f2dc77fa9d0>)
[3.573s] Level 1:colcon.colcon_core.package_discovery:discover_packages(colcon_meta) check parameters
[3.573s] Level 1:colcon.colcon_core.package_discovery:discover_packages(recursive) check parameters
[3.573s] Level 1:colcon.colcon_core.package_discovery:discover_packages(ignore) check parameters
[3.573s] Level 1:colcon.colcon_core.package_discovery:discover_packages(path) check parameters
[3.573s] Level 1:colcon.colcon_core.package_discovery:discover_packages(colcon_meta) discover
[3.573s] Level 1:colcon.colcon_core.package_discovery:discover_packages(recursive) discover
[3.573s] INFO:colcon.colcon_core.package_discovery:Crawling recursively for packages in '/home/shantanu/ros_workspaces/ros2_ws/src/drone_delivery/urdf'
[3.573s] Level 1:colcon.colcon_core.package_identification:_identify(.) by extensions ['ignore', 'ignore_ament_install']
[3.574s] Level 1:colcon.colcon_core.package_identification:_identify(.) by extension 'ignore'
[3.574s] Level 1:colcon.colcon_core.package_identification:_identify(.) by extension 'ignore_ament_install'
[3.574s] Level 1:colcon.colcon_core.package_identification:_identify(.) by extensions ['colcon_pkg']
[3.574s] Level 1:colcon.colcon_core.package_identification:_identify(.) by extension 'colcon_pkg'
[3.574s] Level 1:colcon.colcon_core.package_identification:_identify(.) by extensions ['colcon_meta']
[3.574s] Level 1:colcon.colcon_core.package_identification:_identify(.) by extension 'colcon_meta'
[3.574s] Level 1:colcon.colcon_core.package_identification:_identify(.) by extensions ['ros']
[3.574s] Level 1:colcon.colcon_core.package_identification:_identify(.) by extension 'ros'
[3.581s] Level 1:colcon.colcon_core.package_identification:_identify(.) by extensions ['cmake', 'python']
[3.581s] Level 1:colcon.colcon_core.package_identification:_identify(.) by extension 'cmake'
[3.581s] Level 1:colcon.colcon_core.package_identification:_identify(.) by extension 'python'
[3.581s] Level 1:colcon.colcon_core.package_identification:_identify(.) by extensions ['python_setup_py']
[3.581s] Level 1:colcon.colcon_core.package_identification:_identify(.) by extension 'python_setup_py'
[3.581s] Level 1:colcon.colcon_core.package_identification:_identify(build) by extensions ['ignore', 'ignore_ament_install']
[3.581s] Level 1:colcon.colcon_core.package_identification:_identify(build) by extension 'ignore'
[3.581s] Level 1:colcon.colcon_core.package_identification:_identify(build) ignored
[3.582s] Level 1:colcon.colcon_core.package_identification:_identify(install) by extensions ['ignore', 'ignore_ament_install']
[3.582s] Level 1:colcon.colcon_core.package_identification:_identify(install) by extension 'ignore'
[3.582s] Level 1:colcon.colcon_core.package_identification:_identify(install) ignored
[3.582s] Level 1:colcon.colcon_core.package_identification:_identify(log) by extensions ['ignore', 'ignore_ament_install']
[3.582s] Level 1:colcon.colcon_core.package_identification:_identify(log) by extension 'ignore'
[3.582s] Level 1:colcon.colcon_core.package_identification:_identify(log) ignored
[3.582s] Level 1:colcon.colcon_core.package_discovery:discover_packages(recursive) using defaults
[3.582s] Level 1:colcon.colcon_core.package_discovery:discover_packages(ignore) discover
[3.582s] Level 1:colcon.colcon_core.package_discovery:discover_packages(ignore) using defaults
[3.582s] Level 1:colcon.colcon_core.package_discovery:discover_packages(path) discover
[3.582s] Level 1:colcon.colcon_core.package_discovery:discover_packages(path) using defaults
[3.630s] WARNING:colcon.colcon_core.package_selection:ignoring unknown package 'drone_delivery' in --packages-select
[3.630s] WARNING:colcon.colcon_core.package_selection:ignoring unknown package 'drone_plugin' in --packages-select
[3.827s] Level 1:colcon.colcon_core.package_discovery:discover_packages(prefix_path) check parameters
[3.827s] Level 1:colcon.colcon_core.package_discovery:discover_packages(prefix_path) discover
[3.935s] DEBUG:colcon.colcon_installed_package_information.package_discovery:Found 8 installed packages in /home/shantanu/ros_workspaces/ros2_ws/install
[3.979s] DEBUG:colcon.colcon_installed_package_information.package_discovery:Found 420 installed packages in /opt/ros/galactic
[3.980s] Level 1:colcon.colcon_core.package_discovery:discover_packages(prefix_path) using defaults
[4.153s] INFO:colcon.colcon_core.executor:Executing jobs using 'parallel' executor
[4.201s] DEBUG:colcon.colcon_parallel_executor.executor.parallel:run_until_complete
[4.202s] DEBUG:colcon.colcon_parallel_executor.executor.parallel:closing loop
[4.202s] DEBUG:colcon.colcon_parallel_executor.executor.parallel:loop closed
[4.202s] DEBUG:colcon.colcon_parallel_executor.executor.parallel:run_until_complete finished with '0'
[4.202s] DEBUG:colcon.colcon_core.event_reactor:joining thread
[4.259s] INFO:colcon.colcon_core.plugin_system:Skipping extension 'colcon_notification.desktop_notification.terminal_notifier': Not used on non-Darwin systems
[4.259s] INFO:colcon.colcon_core.plugin_system:Skipping extension 'colcon_notification.desktop_notification.win32': Not used on non-Windows systems
[4.259s] INFO:colcon.colcon_notification.desktop_notification:Sending desktop notification using 'notify2'
[4.278s] DEBUG:colcon.colcon_core.event_reactor:joined thread
[4.330s] INFO:colcon.colcon_core.plugin_system:Skipping extension 'colcon_core.shell.bat': Not used on non-Windows systems
[4.330s] INFO:colcon.colcon_core.shell:Creating prefix script '/home/shantanu/ros_workspaces/ros2_ws/src/drone_delivery/urdf/install/local_setup.ps1'
[4.330s] INFO:colcon.colcon_core.shell:Creating prefix util module '/home/shantanu/ros_workspaces/ros2_ws/src/drone_delivery/urdf/install/_local_setup_util_ps1.py'
[4.331s] INFO:colcon.colcon_core.shell:Creating prefix chain script '/home/shantanu/ros_workspaces/ros2_ws/src/drone_delivery/urdf/install/setup.ps1'
[4.392s] INFO:colcon.colcon_core.shell:Creating prefix script '/home/shantanu/ros_workspaces/ros2_ws/src/drone_delivery/urdf/install/local_setup.sh'
[4.393s] INFO:colcon.colcon_core.shell:Creating prefix util module '/home/shantanu/ros_workspaces/ros2_ws/src/drone_delivery/urdf/install/_local_setup_util_sh.py'
[4.393s] INFO:colcon.colcon_core.shell:Creating prefix chain script '/home/shantanu/ros_workspaces/ros2_ws/src/drone_delivery/urdf/install/setup.sh'
[4.442s] INFO:colcon.colcon_core.shell:Creating prefix script '/home/shantanu/ros_workspaces/ros2_ws/src/drone_delivery/urdf/install/local_setup.bash'
[4.443s] INFO:colcon.colcon_core.shell:Creating prefix chain script '/home/shantanu/ros_workspaces/ros2_ws/src/drone_delivery/urdf/install/setup.bash'
[4.488s] INFO:colcon.colcon_core.shell:Creating prefix script '/home/shantanu/ros_workspaces/ros2_ws/src/drone_delivery/urdf/install/local_setup.zsh'
[4.489s] INFO:colcon.colcon_core.shell:Creating prefix chain script '/home/shantanu/ros_workspaces/ros2_ws/src/drone_delivery/urdf/install/setup.zsh'
